android/app/build/intermediates/manifest_merge_blame_file/debug/manifest-merger-blame-debug-report.txt
1<?xml version="1.0" encoding="utf-8"?>
2<manifest xmlns:android="http://schemas.android.com/apk/res/android"
3    package="com.askgemini"
4    android:versionCode="1"
5    android:versionName="1.0" >
6
7    <uses-sdk
8        android:minSdkVersion="21"
9        android:targetSdkVersion="34" />
10
11    <uses-permission android:name="android.permission.INTERNET" />
11-->src/main/AndroidManifest.xml:3:5-67
11-->src/main/AndroidManifest.xml:3:22-64
12    <uses-permission android:name="android.permission.READ_MEDIA_IMAGES" />
12-->src/main/AndroidManifest.xml:4:5-75
12-->src/main/AndroidManifest.xml:4:22-73
13    <uses-permission android:name="android.permission.CAMERA" />
13-->src/main/AndroidManifest.xml:5:5-64
13-->src/main/AndroidManifest.xml:5:22-62
14    <uses-permission android:name="android.permission.WRITE_SETTINGS" />
14-->src/main/AndroidManifest.xml:6:5-73
14-->src/main/AndroidManifest.xml:6:22-70
15    <uses-permission android:name="android.permission.ACCESS_NETWORK_STATE" />
15-->[:react-native-community_netinfo] AndroidManifest.xml:7:5-79
15-->[:react-native-community_netinfo] AndroidManifest.xml:7:22-76
16    <uses-permission android:name="android.permission.ACCESS_WIFI_STATE" />
16-->[:react-native-community_netinfo] AndroidManifest.xml:8:5-76
16-->[:react-native-community_netinfo] AndroidManifest.xml:8:22-73
17    <uses-permission android:name="android.permission.WRITE_EXTERNAL_STORAGE" />
17-->[:react-native-fs] AndroidManifest.xml:7:5-81
17-->[:react-native-fs] AndroidManifest.xml:7:22-78
18    <uses-permission android:name="android.permission.READ_EXTERNAL_STORAGE" />
19
20    <queries>
20-->[:react-native-image-crop-picker] AndroidManifest.xml:7:5-11:15
21        <intent>
21-->[:react-native-image-crop-picker] AndroidManifest.xml:8:9-10:18
22            <action android:name="android.media.action.IMAGE_CAPTURE" />
22-->[:react-native-image-crop-picker] AndroidManifest.xml:9:13-73
22-->[:react-native-image-crop-picker] AndroidManifest.xml:9:21-70
23        </intent>
24    </queries>
25    <!--
26    This manifest file is used only by Gradle to configure debug-only capabilities
27    for React Native Apps.
28    -->
29    <uses-permission android:name="android.permission.SYSTEM_ALERT_WINDOW" />
29-->[com.facebook.react:react-android:0.73.6] AndroidManifest.xml:16:5-78
29-->[com.facebook.react:react-android:0.73.6] AndroidManifest.xml:16:22-75
30
31    <permission
31-->[androidx.core:core:1.9.0] AndroidManifest.xml:22:5-24:47
32        android:name="com.askgemini.DYNAMIC_RECEIVER_NOT_EXPORTED_PERMISSION"
32-->[androidx.core:core:1.9.0] AndroidManifest.xml:23:9-81
33        android:protectionLevel="signature" />
33-->[androidx.core:core:1.9.0] AndroidManifest.xml:24:9-44
34
35    <uses-permission android:name="com.askgemini.DYNAMIC_RECEIVER_NOT_EXPORTED_PERMISSION" />
35-->[androidx.core:core:1.9.0] AndroidManifest.xml:26:5-97
35-->[androidx.core:core:1.9.0] AndroidManifest.xml:26:22-94
36
37    <application
37-->src/main/AndroidManifest.xml:8:5-26:19
38        android:name="com.askgemini.MainApplication"
38-->src/main/AndroidManifest.xml:9:7-38
39        android:allowBackup="false"
39-->src/main/AndroidManifest.xml:12:7-34
40        android:appComponentFactory="androidx.core.app.CoreComponentFactory"
40-->[androidx.core:core:1.9.0] AndroidManifest.xml:28:18-86
41        android:debuggable="true"
42        android:extractNativeLibs="true"
43        android:icon="@mipmap/ic_launcher"
43-->src/main/AndroidManifest.xml:11:7-41
44        android:label="@string/app_name"
44-->src/main/AndroidManifest.xml:10:7-39
45        android:theme="@style/AppTheme"
45-->src/main/AndroidManifest.xml:13:7-38
46        android:usesCleartextTraffic="true" >
46-->src/debug/AndroidManifest.xml:6:9-44
47        <activity
47-->src/main/AndroidManifest.xml:14:7-25:18
48            android:name="com.askgemini.MainActivity"
48-->src/main/AndroidManifest.xml:15:9-37
49            android:configChanges="keyboard|keyboardHidden|orientation|screenLayout|screenSize|smallestScreenSize|uiMode"
49-->src/main/AndroidManifest.xml:17:9-118
50            android:exported="true"
50-->src/main/AndroidManifest.xml:20:9-32
51            android:label="@string/app_name"
51-->src/main/AndroidManifest.xml:16:9-41
52            android:launchMode="singleTask"
52-->src/main/AndroidManifest.xml:18:9-40
53            android:windowSoftInputMode="adjustResize" >
53-->src/main/AndroidManifest.xml:19:9-51
54            <intent-filter>
54-->src/main/AndroidManifest.xml:21:9-24:25
55                <action android:name="android.intent.action.MAIN" />
55-->src/main/AndroidManifest.xml:22:13-65
55-->src/main/AndroidManifest.xml:22:21-62
56
57                <category android:name="android.intent.category.LAUNCHER" />
57-->src/main/AndroidManifest.xml:23:13-73
57-->src/main/AndroidManifest.xml:23:23-70
58            </intent-filter>
59        </activity>
60
61        <provider
61-->[:react-native-image-crop-picker] AndroidManifest.xml:16:9-24:20
62            android:name="com.reactnative.ivpusic.imagepicker.IvpusicImagePickerFileProvider"
62-->[:react-native-image-crop-picker] AndroidManifest.xml:17:13-94
63            android:authorities="com.askgemini.provider"
63-->[:react-native-image-crop-picker] AndroidManifest.xml:18:13-60
64            android:exported="false"
64-->[:react-native-image-crop-picker] AndroidManifest.xml:19:13-37
65            android:grantUriPermissions="true" >
65-->[:react-native-image-crop-picker] AndroidManifest.xml:20:13-47
66            <meta-data
66-->[:react-native-image-crop-picker] AndroidManifest.xml:21:13-23:78
67                android:name="android.support.FILE_PROVIDER_PATHS"
67-->[:react-native-image-crop-picker] AndroidManifest.xml:22:17-67
68                android:resource="@xml/ivpusic_imagepicker_provider_paths" />
68-->[:react-native-image-crop-picker] AndroidManifest.xml:23:17-75
69        </provider>
70
71        <activity
71-->[:react-native-image-crop-picker] AndroidManifest.xml:26:9-28:72
72            android:name="com.yalantis.ucrop.UCropActivity"
72-->[:react-native-image-crop-picker] AndroidManifest.xml:27:13-60
73            android:theme="@style/Theme.AppCompat.Light.NoActionBar" />
73-->[:react-native-image-crop-picker] AndroidManifest.xml:28:13-69
74        <activity
74-->[com.facebook.react:react-android:0.73.6] AndroidManifest.xml:19:9-21:40
75            android:name="com.facebook.react.devsupport.DevSettingsActivity"
75-->[com.facebook.react:react-android:0.73.6] AndroidManifest.xml:20:13-77
76            android:exported="false" />
76-->[com.facebook.react:react-android:0.73.6] AndroidManifest.xml:21:13-37
77
78        <provider
78-->[androidx.emoji2:emoji2:1.2.0] AndroidManifest.xml:24:9-32:20
79            android:name="androidx.startup.InitializationProvider"
79-->[androidx.emoji2:emoji2:1.2.0] AndroidManifest.xml:25:13-67
80            android:authorities="com.askgemini.androidx-startup"
80-->[androidx.emoji2:emoji2:1.2.0] AndroidManifest.xml:26:13-68
81            android:exported="false" >
81-->[androidx.emoji2:emoji2:1.2.0] AndroidManifest.xml:27:13-37
82            <meta-data
82-->[androidx.emoji2:emoji2:1.2.0] AndroidManifest.xml:29:13-31:52
83                android:name="androidx.emoji2.text.EmojiCompatInitializer"
83-->[androidx.emoji2:emoji2:1.2.0] AndroidManifest.xml:30:17-75
84                android:value="androidx.startup" />
84-->[androidx.emoji2:emoji2:1.2.0] AndroidManifest.xml:31:17-49
85            <meta-data
85-->[androidx.lifecycle:lifecycle-process:2.4.1] AndroidManifest.xml:31:13-33:52
86                android:name="androidx.lifecycle.ProcessLifecycleInitializer"
86-->[androidx.lifecycle:lifecycle-process:2.4.1] AndroidManifest.xml:32:17-78
87                android:value="androidx.startup" />
87-->[androidx.lifecycle:lifecycle-process:2.4.1] AndroidManifest.xml:33:17-49
88        </provider>
89
90        <meta-data
90-->[com.facebook.soloader:soloader:0.10.5] AndroidManifest.xml:12:9-14:37
91            android:name="com.facebook.soloader.enabled"
91-->[com.facebook.soloader:soloader:0.10.5] AndroidManifest.xml:13:13-57
92            android:value="false" />
92-->[com.facebook.soloader:soloader:0.10.5] AndroidManifest.xml:14:13-34
93    </application>
94
95</manifest>